{"/home/ykut/Documents/Andela/C28/MY_BRAND_Charles_BackEnd/src/server.js": {"path":"/home/ykut/Documents/Andela/C28/MY_BRAND_Charles_BackEnd/src/server.js","statementMap":{"0":{"start":{"line":89,"column":0},"end":{"line":89,"column":15}},"1":{"start":{"line":2,"column":20},"end":{"line":2,"column":null}},"2":{"start":{"line":3,"column":19},"end":{"line":3,"column":null}},"3":{"start":{"line":4,"column":17},"end":{"line":4,"column":null}},"4":{"start":{"line":5,"column":23},"end":{"line":5,"column":null}},"5":{"start":{"line":6,"column":19},"end":{"line":6,"column":null}},"6":{"start":{"line":7,"column":21},"end":{"line":7,"column":null}},"7":{"start":{"line":11,"column":23},"end":{"line":11,"column":null}},"8":{"start":{"line":12,"column":24},"end":{"line":12,"column":null}},"9":{"start":{"line":9,"column":0},"end":{"line":9,"column":null}},"10":{"start":{"line":17,"column":11},"end":{"line":17,"column":null}},"11":{"start":{"line":18,"column":12},"end":{"line":18,"column":28}},"12":{"start":{"line":20,"column":12},"end":{"line":20,"column":28}},"13":{"start":{"line":21,"column":12},"end":{"line":21,"column":27}},"14":{"start":{"line":22,"column":0},"end":{"line":22,"column":null}},"15":{"start":{"line":26,"column":0},"end":{"line":26,"column":null}},"16":{"start":{"line":26,"column":27},"end":{"line":26,"column":null}},"17":{"start":{"line":27,"column":0},"end":{"line":27,"column":null}},"18":{"start":{"line":28,"column":0},"end":{"line":28,"column":null}},"19":{"start":{"line":29,"column":0},"end":{"line":29,"column":null}},"20":{"start":{"line":30,"column":0},"end":{"line":30,"column":null}},"21":{"start":{"line":34,"column":0},"end":{"line":70,"column":null}},"22":{"start":{"line":35,"column":4},"end":{"line":57,"column":5}},"23":{"start":{"line":36,"column":6},"end":{"line":40,"column":null}},"24":{"start":{"line":39,"column":10},"end":{"line":39,"column":null}},"25":{"start":{"line":41,"column":8},"end":{"line":41,"column":null}},"26":{"start":{"line":43,"column":11},"end":{"line":57,"column":5}},"27":{"start":{"line":44,"column":6},"end":{"line":49,"column":null}},"28":{"start":{"line":48,"column":10},"end":{"line":48,"column":null}},"29":{"start":{"line":50,"column":11},"end":{"line":57,"column":5}},"30":{"start":{"line":51,"column":6},"end":{"line":55,"column":null}},"31":{"start":{"line":54,"column":10},"end":{"line":54,"column":null}},"32":{"start":{"line":56,"column":8},"end":{"line":56,"column":null}},"33":{"start":{"line":65,"column":4},"end":{"line":67,"column":null}},"34":{"start":{"line":66,"column":8},"end":{"line":66,"column":null}},"35":{"start":{"line":69,"column":6},"end":{"line":69,"column":null}},"36":{"start":{"line":84,"column":0},"end":{"line":87,"column":null}},"37":{"start":{"line":86,"column":4},"end":{"line":86,"column":null}},"38":{"start":{"line":89,"column":15},"end":{"line":89,"column":null}}},"fnMap":{"0":{"name":"(anonymous_0)","decl":{"start":{"line":89,"column":0},"end":{"line":89,"column":15}},"loc":{"start":{"line":89,"column":0},"end":{"line":89,"column":15}}},"1":{"name":"(anonymous_2)","decl":{"start":{"line":38,"column":14},"end":{"line":38,"column":15}},"loc":{"start":{"line":38,"column":26},"end":{"line":40,"column":null}}},"2":{"name":"(anonymous_3)","decl":{"start":{"line":46,"column":14},"end":{"line":46,"column":15}},"loc":{"start":{"line":46,"column":26},"end":{"line":49,"column":null}}},"3":{"name":"(anonymous_4)","decl":{"start":{"line":53,"column":14},"end":{"line":53,"column":15}},"loc":{"start":{"line":53,"column":26},"end":{"line":55,"column":null}}},"4":{"name":"(anonymous_5)","decl":{"start":{"line":65,"column":21},"end":{"line":65,"column":27}},"loc":{"start":{"line":65,"column":27},"end":{"line":67,"column":null}}},"5":{"name":"(anonymous_6)","decl":{"start":{"line":84,"column":12},"end":{"line":84,"column":13}},"loc":{"start":{"line":84,"column":23},"end":{"line":87,"column":null}}}},"branchMap":{"0":{"loc":{"start":{"line":26,"column":0},"end":{"line":26,"column":null}},"type":"if","locations":[{"start":{"line":26,"column":0},"end":{"line":26,"column":null}}]},"1":{"loc":{"start":{"line":35,"column":4},"end":{"line":57,"column":5}},"type":"if","locations":[{"start":{"line":35,"column":4},"end":{"line":57,"column":5}},{"start":{"line":43,"column":11},"end":{"line":57,"column":5}}]},"2":{"loc":{"start":{"line":43,"column":11},"end":{"line":57,"column":5}},"type":"if","locations":[{"start":{"line":43,"column":11},"end":{"line":57,"column":5}},{"start":{"line":50,"column":11},"end":{"line":57,"column":5}}]},"3":{"loc":{"start":{"line":50,"column":11},"end":{"line":57,"column":5}},"type":"if","locations":[{"start":{"line":50,"column":11},"end":{"line":57,"column":5}}]}},"s":{"0":7,"1":1,"2":1,"3":1,"4":1,"5":1,"6":1,"7":1,"8":1,"9":1,"10":1,"11":1,"12":1,"13":1,"14":1,"15":1,"16":0,"17":1,"18":1,"19":1,"20":1,"21":1,"22":1,"23":0,"24":0,"25":0,"26":1,"27":1,"28":1,"29":0,"30":0,"31":0,"32":0,"33":1,"34":1,"35":0,"36":1,"37":0,"38":1},"f":{"0":7,"1":0,"2":1,"3":0,"4":1,"5":0},"b":{"0":[0],"1":[0,1],"2":[1,0],"3":[0]}}
,"/home/ykut/Documents/Andela/C28/MY_BRAND_Charles_BackEnd/src/controllers/CRUD.js": {"path":"/home/ykut/Documents/Andela/C28/MY_BRAND_Charles_BackEnd/src/controllers/CRUD.js","statementMap":{"0":{"start":{"line":115,"column":8},"end":{"line":115,"column":null}},"1":{"start":{"line":1,"column":17},"end":{"line":1,"column":null}},"2":{"start":{"line":2,"column":27},"end":{"line":2,"column":null}},"3":{"start":{"line":8,"column":4},"end":{"line":8,"column":null}},"4":{"start":{"line":9,"column":4},"end":{"line":16,"column":null}},"5":{"start":{"line":10,"column":25},"end":{"line":10,"column":null}},"6":{"start":{"line":12,"column":8},"end":{"line":12,"column":null}},"7":{"start":{"line":15,"column":8},"end":{"line":15,"column":null}},"8":{"start":{"line":21,"column":4},"end":{"line":21,"column":null}},"9":{"start":{"line":22,"column":65},"end":{"line":22,"column":73}},"10":{"start":{"line":23,"column":20},"end":{"line":29,"column":null}},"11":{"start":{"line":30,"column":4},"end":{"line":38,"column":null}},"12":{"start":{"line":31,"column":8},"end":{"line":31,"column":null}},"13":{"start":{"line":33,"column":8},"end":{"line":33,"column":null}},"14":{"start":{"line":36,"column":8},"end":{"line":36,"column":null}},"15":{"start":{"line":44,"column":38},"end":{"line":44,"column":46}},"16":{"start":{"line":45,"column":17},"end":{"line":45,"column":27}},"17":{"start":{"line":46,"column":4},"end":{"line":55,"column":null}},"18":{"start":{"line":47,"column":32},"end":{"line":47,"column":null}},"19":{"start":{"line":48,"column":8},"end":{"line":48,"column":null}},"20":{"start":{"line":51,"column":8},"end":{"line":51,"column":null}},"21":{"start":{"line":52,"column":8},"end":{"line":52,"column":null}},"22":{"start":{"line":62,"column":4},"end":{"line":80,"column":null}},"23":{"start":{"line":63,"column":8},"end":{"line":63,"column":null}},"24":{"start":{"line":65,"column":18},"end":{"line":65,"column":31}},"25":{"start":{"line":66,"column":28},"end":{"line":66,"column":null}},"26":{"start":{"line":68,"column":7},"end":{"line":74,"column":8}},"27":{"start":{"line":69,"column":8},"end":{"line":69,"column":null}},"28":{"start":{"line":72,"column":7},"end":{"line":72,"column":null}},"29":{"start":{"line":77,"column":8},"end":{"line":77,"column":null}},"30":{"start":{"line":78,"column":8},"end":{"line":78,"column":null}},"31":{"start":{"line":84,"column":17},"end":{"line":84,"column":27}},"32":{"start":{"line":85,"column":4},"end":{"line":92,"column":null}},"33":{"start":{"line":86,"column":24},"end":{"line":86,"column":null}},"34":{"start":{"line":87,"column":8},"end":{"line":87,"column":null}},"35":{"start":{"line":90,"column":8},"end":{"line":90,"column":null}}},"fnMap":{"0":{"name":"(anonymous_0)","decl":{"start":{"line":115,"column":8},"end":{"line":115,"column":null}},"loc":{"start":{"line":115,"column":8},"end":{"line":115,"column":null}}},"1":{"name":"(anonymous_2)","decl":{"start":{"line":7,"column":0},"end":{"line":7,"column":13}},"loc":{"start":{"line":7,"column":34},"end":{"line":18,"column":null}}},"2":{"name":"(anonymous_3)","decl":{"start":{"line":20,"column":0},"end":{"line":20,"column":13}},"loc":{"start":{"line":20,"column":32},"end":{"line":41,"column":null}}},"3":{"name":"(anonymous_4)","decl":{"start":{"line":43,"column":0},"end":{"line":43,"column":13}},"loc":{"start":{"line":43,"column":33},"end":{"line":59,"column":null}}},"4":{"name":"(anonymous_5)","decl":{"start":{"line":60,"column":0},"end":{"line":60,"column":13}},"loc":{"start":{"line":60,"column":32},"end":{"line":82,"column":null}}},"5":{"name":"(anonymous_6)","decl":{"start":{"line":83,"column":0},"end":{"line":83,"column":13}},"loc":{"start":{"line":83,"column":33},"end":{"line":94,"column":null}}}},"branchMap":{"0":{"loc":{"start":{"line":68,"column":7},"end":{"line":74,"column":8}},"type":"if","locations":[{"start":{"line":68,"column":7},"end":{"line":74,"column":8}},{"start":{"line":71,"column":11},"end":{"line":74,"column":8}}]}},"s":{"0":10,"1":1,"2":1,"3":1,"4":1,"5":1,"6":1,"7":0,"8":1,"9":1,"10":1,"11":1,"12":1,"13":1,"14":0,"15":0,"16":0,"17":0,"18":0,"19":0,"20":0,"21":0,"22":1,"23":1,"24":1,"25":1,"26":1,"27":0,"28":1,"29":0,"30":0,"31":1,"32":1,"33":1,"34":1,"35":0},"f":{"0":10,"1":1,"2":1,"3":0,"4":1,"5":1},"b":{"0":[0,1]}}
,"/home/ykut/Documents/Andela/C28/MY_BRAND_Charles_BackEnd/src/controllers/Login.js": {"path":"/home/ykut/Documents/Andela/C28/MY_BRAND_Charles_BackEnd/src/controllers/Login.js","statementMap":{"0":{"start":{"line":50,"column":0},"end":{"line":50,"column":15}},"1":{"start":{"line":2,"column":27},"end":{"line":2,"column":null}},"2":{"start":{"line":3,"column":19},"end":{"line":3,"column":null}},"3":{"start":{"line":4,"column":16},"end":{"line":4,"column":null}},"4":{"start":{"line":5,"column":17},"end":{"line":5,"column":null}},"5":{"start":{"line":7,"column":24},"end":{"line":48,"column":null}},"6":{"start":{"line":9,"column":32},"end":{"line":9,"column":40}},"7":{"start":{"line":10,"column":4},"end":{"line":47,"column":null}},"8":{"start":{"line":12,"column":19},"end":{"line":12,"column":null}},"9":{"start":{"line":15,"column":6},"end":{"line":44,"column":7}},"10":{"start":{"line":16,"column":8},"end":{"line":16,"column":null}},"11":{"start":{"line":20,"column":39},"end":{"line":20,"column":null}},"12":{"start":{"line":21,"column":8},"end":{"line":43,"column":9}},"13":{"start":{"line":23,"column":8},"end":{"line":23,"column":null}},"14":{"start":{"line":27,"column":24},"end":{"line":27,"column":null}},"15":{"start":{"line":28,"column":10},"end":{"line":31,"column":null}},"16":{"start":{"line":32,"column":25},"end":{"line":32,"column":null}},"17":{"start":{"line":34,"column":8},"end":{"line":38,"column":null}},"18":{"start":{"line":42,"column":8},"end":{"line":42,"column":null}},"19":{"start":{"line":46,"column":4},"end":{"line":46,"column":null}},"20":{"start":{"line":50,"column":15},"end":{"line":50,"column":null}}},"fnMap":{"0":{"name":"(anonymous_0)","decl":{"start":{"line":50,"column":0},"end":{"line":50,"column":15}},"loc":{"start":{"line":50,"column":0},"end":{"line":50,"column":15}}},"1":{"name":"(anonymous_2)","decl":{"start":{"line":7,"column":24},"end":{"line":7,"column":31}},"loc":{"start":{"line":7,"column":44},"end":{"line":48,"column":null}}}},"branchMap":{"0":{"loc":{"start":{"line":15,"column":6},"end":{"line":44,"column":7}},"type":"if","locations":[{"start":{"line":15,"column":6},"end":{"line":44,"column":7}},{"start":{"line":17,"column":13},"end":{"line":44,"column":7}}]},"1":{"loc":{"start":{"line":21,"column":8},"end":{"line":43,"column":9}},"type":"if","locations":[{"start":{"line":21,"column":8},"end":{"line":43,"column":9}},{"start":{"line":25,"column":15},"end":{"line":43,"column":9}}]}},"s":{"0":1,"1":1,"2":1,"3":1,"4":1,"5":1,"6":1,"7":1,"8":1,"9":1,"10":0,"11":1,"12":1,"13":0,"14":1,"15":1,"16":1,"17":1,"18":1,"19":0,"20":1},"f":{"0":1,"1":1},"b":{"0":[0,1],"1":[0,1]}}
,"/home/ykut/Documents/Andela/C28/MY_BRAND_Charles_BackEnd/src/controllers/Queries.js": {"path":"/home/ykut/Documents/Andela/C28/MY_BRAND_Charles_BackEnd/src/controllers/Queries.js","statementMap":{"0":{"start":{"line":38,"column":0},"end":{"line":38,"column":15}},"1":{"start":{"line":1,"column":18},"end":{"line":1,"column":null}},"2":{"start":{"line":2,"column":27},"end":{"line":2,"column":null}},"3":{"start":{"line":7,"column":8},"end":{"line":13,"column":null}},"4":{"start":{"line":8,"column":31},"end":{"line":8,"column":null}},"5":{"start":{"line":9,"column":12},"end":{"line":9,"column":null}},"6":{"start":{"line":12,"column":12},"end":{"line":12,"column":null}},"7":{"start":{"line":16,"column":50},"end":{"line":16,"column":58}},"8":{"start":{"line":17,"column":25},"end":{"line":22,"column":null}},"9":{"start":{"line":23,"column":8},"end":{"line":34,"column":null}},"10":{"start":{"line":24,"column":12},"end":{"line":24,"column":null}},"11":{"start":{"line":25,"column":12},"end":{"line":25,"column":null}},"12":{"start":{"line":28,"column":12},"end":{"line":28,"column":null}},"13":{"start":{"line":30,"column":12},"end":{"line":33,"column":null}},"14":{"start":{"line":38,"column":15},"end":{"line":38,"column":null}}},"fnMap":{"0":{"name":"(anonymous_0)","decl":{"start":{"line":38,"column":0},"end":{"line":38,"column":15}},"loc":{"start":{"line":38,"column":0},"end":{"line":38,"column":15}}},"1":{"name":"(anonymous_2)","decl":{"start":{"line":6,"column":4},"end":{"line":6,"column":17}},"loc":{"start":{"line":6,"column":40},"end":{"line":14,"column":null}}},"2":{"name":"(anonymous_3)","decl":{"start":{"line":15,"column":4},"end":{"line":15,"column":17}},"loc":{"start":{"line":15,"column":38},"end":{"line":35,"column":null}}}},"branchMap":{},"s":{"0":2,"1":1,"2":1,"3":0,"4":0,"5":0,"6":0,"7":0,"8":0,"9":0,"10":0,"11":0,"12":0,"13":0,"14":1},"f":{"0":2,"1":0,"2":0},"b":{}}
,"/home/ykut/Documents/Andela/C28/MY_BRAND_Charles_BackEnd/src/controllers/Signup.js": {"path":"/home/ykut/Documents/Andela/C28/MY_BRAND_Charles_BackEnd/src/controllers/Signup.js","statementMap":{"0":{"start":{"line":51,"column":8},"end":{"line":51,"column":null}},"1":{"start":{"line":1,"column":27},"end":{"line":1,"column":null}},"2":{"start":{"line":2,"column":17},"end":{"line":2,"column":null}},"3":{"start":{"line":3,"column":19},"end":{"line":3,"column":null}},"4":{"start":{"line":8,"column":62},"end":{"line":8,"column":70}},"5":{"start":{"line":9,"column":8},"end":{"line":26,"column":null}},"6":{"start":{"line":10,"column":25},"end":{"line":10,"column":null}},"7":{"start":{"line":11,"column":10},"end":{"line":21,"column":11}},"8":{"start":{"line":12,"column":35},"end":{"line":12,"column":null}},"9":{"start":{"line":13,"column":28},"end":{"line":13,"column":null}},"10":{"start":{"line":14,"column":14},"end":{"line":14,"column":null}},"11":{"start":{"line":17,"column":35},"end":{"line":17,"column":null}},"12":{"start":{"line":18,"column":28},"end":{"line":18,"column":null}},"13":{"start":{"line":19,"column":14},"end":{"line":19,"column":null}},"14":{"start":{"line":24,"column":10},"end":{"line":24,"column":null}},"15":{"start":{"line":25,"column":12},"end":{"line":25,"column":null}},"16":{"start":{"line":30,"column":9},"end":{"line":40,"column":null}},"17":{"start":{"line":31,"column":25},"end":{"line":31,"column":null}},"18":{"start":{"line":32,"column":8},"end":{"line":32,"column":null}},"19":{"start":{"line":36,"column":10},"end":{"line":38,"column":null}}},"fnMap":{"0":{"name":"(anonymous_0)","decl":{"start":{"line":51,"column":8},"end":{"line":51,"column":null}},"loc":{"start":{"line":51,"column":8},"end":{"line":51,"column":null}}},"1":{"name":"(anonymous_2)","decl":{"start":{"line":7,"column":4},"end":{"line":7,"column":17}},"loc":{"start":{"line":7,"column":45},"end":{"line":28,"column":null}}},"2":{"name":"(anonymous_3)","decl":{"start":{"line":29,"column":6},"end":{"line":29,"column":19}},"loc":{"start":{"line":29,"column":38},"end":{"line":43,"column":null}}}},"branchMap":{"0":{"loc":{"start":{"line":11,"column":10},"end":{"line":21,"column":11}},"type":"if","locations":[{"start":{"line":11,"column":10},"end":{"line":21,"column":11}},{"start":{"line":16,"column":14},"end":{"line":21,"column":11}}]}},"s":{"0":2,"1":1,"2":1,"3":1,"4":1,"5":1,"6":1,"7":1,"8":0,"9":0,"10":0,"11":1,"12":1,"13":1,"14":0,"15":0,"16":0,"17":0,"18":0,"19":0},"f":{"0":2,"1":1,"2":0},"b":{"0":[0,1]}}
,"/home/ykut/Documents/Andela/C28/MY_BRAND_Charles_BackEnd/src/controllers/comment.js": {"path":"/home/ykut/Documents/Andela/C28/MY_BRAND_Charles_BackEnd/src/controllers/comment.js","statementMap":{"0":{"start":{"line":52,"column":0},"end":{"line":52,"column":15}},"1":{"start":{"line":2,"column":27},"end":{"line":2,"column":null}},"2":{"start":{"line":3,"column":17},"end":{"line":3,"column":null}},"3":{"start":{"line":9,"column":20},"end":{"line":9,"column":30}},"4":{"start":{"line":11,"column":36},"end":{"line":11,"column":44}},"5":{"start":{"line":13,"column":8},"end":{"line":29,"column":null}},"6":{"start":{"line":16,"column":25},"end":{"line":16,"column":null}},"7":{"start":{"line":18,"column":12},"end":{"line":18,"column":null}},"8":{"start":{"line":19,"column":12},"end":{"line":19,"column":null}},"9":{"start":{"line":20,"column":12},"end":{"line":20,"column":null}},"10":{"start":{"line":23,"column":12},"end":{"line":23,"column":null}},"11":{"start":{"line":25,"column":12},"end":{"line":28,"column":null}},"12":{"start":{"line":32,"column":20},"end":{"line":32,"column":30}},"13":{"start":{"line":34,"column":8},"end":{"line":49,"column":null}},"14":{"start":{"line":35,"column":12},"end":{"line":35,"column":null}},"15":{"start":{"line":36,"column":28},"end":{"line":36,"column":null}},"16":{"start":{"line":37,"column":12},"end":{"line":37,"column":null}},"17":{"start":{"line":40,"column":12},"end":{"line":40,"column":null}},"18":{"start":{"line":42,"column":12},"end":{"line":42,"column":null}},"19":{"start":{"line":46,"column":12},"end":{"line":46,"column":null}},"20":{"start":{"line":47,"column":12},"end":{"line":47,"column":null}},"21":{"start":{"line":52,"column":15},"end":{"line":52,"column":null}}},"fnMap":{"0":{"name":"(anonymous_0)","decl":{"start":{"line":52,"column":0},"end":{"line":52,"column":15}},"loc":{"start":{"line":52,"column":0},"end":{"line":52,"column":15}}},"1":{"name":"(anonymous_2)","decl":{"start":{"line":8,"column":4},"end":{"line":8,"column":17}},"loc":{"start":{"line":8,"column":40},"end":{"line":30,"column":null}}},"2":{"name":"(anonymous_3)","decl":{"start":{"line":31,"column":4},"end":{"line":31,"column":17}},"loc":{"start":{"line":31,"column":31},"end":{"line":50,"column":null}}}},"branchMap":{},"s":{"0":4,"1":1,"2":1,"3":0,"4":0,"5":0,"6":0,"7":0,"8":0,"9":0,"10":0,"11":0,"12":0,"13":0,"14":0,"15":0,"16":0,"17":0,"18":0,"19":0,"20":0,"21":1},"f":{"0":4,"1":0,"2":0},"b":{}}
,"/home/ykut/Documents/Andela/C28/MY_BRAND_Charles_BackEnd/src/docs/components.js": {"path":"/home/ykut/Documents/Andela/C28/MY_BRAND_Charles_BackEnd/src/docs/components.js","statementMap":{"0":{"start":{"line":98,"column":0},"end":{"line":98,"column":15}},"1":{"start":{"line":1,"column":19},"end":{"line":96,"column":null}},"2":{"start":{"line":98,"column":15},"end":{"line":98,"column":null}}},"fnMap":{"0":{"name":"(anonymous_0)","decl":{"start":{"line":98,"column":0},"end":{"line":98,"column":15}},"loc":{"start":{"line":98,"column":0},"end":{"line":98,"column":15}}}},"branchMap":{},"s":{"0":1,"1":1,"2":1},"f":{"0":1},"b":{}}
,"/home/ykut/Documents/Andela/C28/MY_BRAND_Charles_BackEnd/src/docs/index.js": {"path":"/home/ykut/Documents/Andela/C28/MY_BRAND_Charles_BackEnd/src/docs/index.js","statementMap":{"0":{"start":{"line":26,"column":9},"end":{"line":26,"column":null}},"1":{"start":{"line":1,"column":20},"end":{"line":1,"column":null}},"2":{"start":{"line":2,"column":17},"end":{"line":2,"column":null}},"3":{"start":{"line":3,"column":23},"end":{"line":3,"column":null}},"4":{"start":{"line":4,"column":18},"end":{"line":4,"column":null}},"5":{"start":{"line":6,"column":16},"end":{"line":25,"column":null}}},"fnMap":{"0":{"name":"(anonymous_0)","decl":{"start":{"line":26,"column":9},"end":{"line":26,"column":null}},"loc":{"start":{"line":26,"column":9},"end":{"line":26,"column":null}}}},"branchMap":{},"s":{"0":1,"1":1,"2":1,"3":1,"4":1,"5":1},"f":{"0":1},"b":{}}
,"/home/ykut/Documents/Andela/C28/MY_BRAND_Charles_BackEnd/src/docs/paths.js": {"path":"/home/ykut/Documents/Andela/C28/MY_BRAND_Charles_BackEnd/src/docs/paths.js","statementMap":{"0":{"start":{"line":9,"column":0},"end":{"line":9,"column":15}},"1":{"start":{"line":1,"column":19},"end":{"line":1,"column":null}},"2":{"start":{"line":3,"column":14},"end":{"line":7,"column":null}},"3":{"start":{"line":9,"column":15},"end":{"line":9,"column":null}}},"fnMap":{"0":{"name":"(anonymous_0)","decl":{"start":{"line":9,"column":0},"end":{"line":9,"column":15}},"loc":{"start":{"line":9,"column":0},"end":{"line":9,"column":15}}}},"branchMap":{},"s":{"0":1,"1":1,"2":1,"3":1},"f":{"0":1},"b":{}}
,"/home/ykut/Documents/Andela/C28/MY_BRAND_Charles_BackEnd/src/docs/servers.js": {"path":"/home/ykut/Documents/Andela/C28/MY_BRAND_Charles_BackEnd/src/docs/servers.js","statementMap":{"0":{"start":{"line":8,"column":0},"end":{"line":8,"column":15}},"1":{"start":{"line":1,"column":16},"end":{"line":6,"column":null}},"2":{"start":{"line":8,"column":15},"end":{"line":8,"column":null}}},"fnMap":{"0":{"name":"(anonymous_0)","decl":{"start":{"line":8,"column":0},"end":{"line":8,"column":15}},"loc":{"start":{"line":8,"column":0},"end":{"line":8,"column":15}}}},"branchMap":{},"s":{"0":1,"1":1,"2":1},"f":{"0":1},"b":{}}
,"/home/ykut/Documents/Andela/C28/MY_BRAND_Charles_BackEnd/src/docs/tags.js": {"path":"/home/ykut/Documents/Andela/C28/MY_BRAND_Charles_BackEnd/src/docs/tags.js","statementMap":{"0":{"start":{"line":13,"column":0},"end":{"line":13,"column":15}},"1":{"start":{"line":1,"column":13},"end":{"line":11,"column":null}},"2":{"start":{"line":13,"column":15},"end":{"line":13,"column":null}}},"fnMap":{"0":{"name":"(anonymous_0)","decl":{"start":{"line":13,"column":0},"end":{"line":13,"column":15}},"loc":{"start":{"line":13,"column":0},"end":{"line":13,"column":15}}}},"branchMap":{},"s":{"0":1,"1":1,"2":1},"f":{"0":1},"b":{}}
,"/home/ykut/Documents/Andela/C28/MY_BRAND_Charles_BackEnd/src/docs/Blog/readAll.js": {"path":"/home/ykut/Documents/Andela/C28/MY_BRAND_Charles_BackEnd/src/docs/Blog/readAll.js","statementMap":{"0":{"start":{"line":49,"column":0},"end":{"line":49,"column":15}},"1":{"start":{"line":5,"column":15},"end":{"line":47,"column":null}},"2":{"start":{"line":49,"column":15},"end":{"line":49,"column":null}}},"fnMap":{"0":{"name":"(anonymous_0)","decl":{"start":{"line":49,"column":0},"end":{"line":49,"column":15}},"loc":{"start":{"line":49,"column":0},"end":{"line":49,"column":15}}}},"branchMap":{},"s":{"0":1,"1":1,"2":1},"f":{"0":1},"b":{}}
,"/home/ykut/Documents/Andela/C28/MY_BRAND_Charles_BackEnd/src/middleware/isProtected.js": {"path":"/home/ykut/Documents/Andela/C28/MY_BRAND_Charles_BackEnd/src/middleware/isProtected.js","statementMap":{"0":{"start":{"line":54,"column":0},"end":{"line":54,"column":15}},"1":{"start":{"line":1,"column":18},"end":{"line":1,"column":null}},"2":{"start":{"line":2,"column":22},"end":{"line":2,"column":null}},"3":{"start":{"line":7,"column":20},"end":{"line":7,"column":42}},"4":{"start":{"line":11,"column":7},"end":{"line":26,"column":8}},"5":{"start":{"line":12,"column":11},"end":{"line":14,"column":null}},"6":{"start":{"line":17,"column":29},"end":{"line":17,"column":48}},"7":{"start":{"line":19,"column":27},"end":{"line":19,"column":null}},"8":{"start":{"line":20,"column":11},"end":{"line":24,"column":12}},"9":{"start":{"line":21,"column":14},"end":{"line":23,"column":null}},"10":{"start":{"line":25,"column":11},"end":{"line":25,"column":null}},"11":{"start":{"line":32,"column":18},"end":{"line":32,"column":43}},"12":{"start":{"line":36,"column":5},"end":{"line":51,"column":6}},"13":{"start":{"line":37,"column":9},"end":{"line":39,"column":null}},"14":{"start":{"line":42,"column":27},"end":{"line":42,"column":46}},"15":{"start":{"line":44,"column":25},"end":{"line":44,"column":null}},"16":{"start":{"line":45,"column":9},"end":{"line":49,"column":10}},"17":{"start":{"line":46,"column":12},"end":{"line":48,"column":null}},"18":{"start":{"line":50,"column":9},"end":{"line":50,"column":null}},"19":{"start":{"line":54,"column":15},"end":{"line":54,"column":null}}},"fnMap":{"0":{"name":"(anonymous_0)","decl":{"start":{"line":54,"column":0},"end":{"line":54,"column":15}},"loc":{"start":{"line":54,"column":0},"end":{"line":54,"column":15}}},"1":{"name":"(anonymous_2)","decl":{"start":{"line":5,"column":4},"end":{"line":5,"column":17}},"loc":{"start":{"line":5,"column":45},"end":{"line":29,"column":null}}},"2":{"name":"(anonymous_3)","decl":{"start":{"line":30,"column":4},"end":{"line":30,"column":17}},"loc":{"start":{"line":30,"column":49},"end":{"line":52,"column":null}}}},"branchMap":{"0":{"loc":{"start":{"line":11,"column":7},"end":{"line":26,"column":8}},"type":"if","locations":[{"start":{"line":11,"column":7},"end":{"line":26,"column":8}},{"start":{"line":15,"column":14},"end":{"line":26,"column":8}}]},"1":{"loc":{"start":{"line":20,"column":11},"end":{"line":24,"column":12}},"type":"if","locations":[{"start":{"line":20,"column":11},"end":{"line":24,"column":12}}]},"2":{"loc":{"start":{"line":36,"column":5},"end":{"line":51,"column":6}},"type":"if","locations":[{"start":{"line":36,"column":5},"end":{"line":51,"column":6}},{"start":{"line":40,"column":12},"end":{"line":51,"column":6}}]},"3":{"loc":{"start":{"line":45,"column":9},"end":{"line":49,"column":10}},"type":"if","locations":[{"start":{"line":45,"column":9},"end":{"line":49,"column":10}}]}},"s":{"0":5,"1":1,"2":1,"3":0,"4":0,"5":0,"6":0,"7":0,"8":0,"9":0,"10":0,"11":0,"12":0,"13":0,"14":0,"15":0,"16":0,"17":0,"18":0,"19":1},"f":{"0":5,"1":0,"2":0},"b":{"0":[0,0],"1":[0],"2":[0,0],"3":[0]}}
,"/home/ykut/Documents/Andela/C28/MY_BRAND_Charles_BackEnd/src/models/blogModel.js": {"path":"/home/ykut/Documents/Andela/C28/MY_BRAND_Charles_BackEnd/src/models/blogModel.js","statementMap":{"0":{"start":{"line":38,"column":0},"end":{"line":38,"column":15}},"1":{"start":{"line":1,"column":21},"end":{"line":1,"column":null}},"2":{"start":{"line":3,"column":19},"end":{"line":34,"column":null}},"3":{"start":{"line":36,"column":13},"end":{"line":36,"column":null}},"4":{"start":{"line":38,"column":15},"end":{"line":38,"column":null}}},"fnMap":{"0":{"name":"(anonymous_0)","decl":{"start":{"line":38,"column":0},"end":{"line":38,"column":15}},"loc":{"start":{"line":38,"column":0},"end":{"line":38,"column":15}}}},"branchMap":{},"s":{"0":4,"1":1,"2":1,"3":1,"4":1},"f":{"0":4},"b":{}}
,"/home/ykut/Documents/Andela/C28/MY_BRAND_Charles_BackEnd/src/models/queryModel.js": {"path":"/home/ykut/Documents/Andela/C28/MY_BRAND_Charles_BackEnd/src/models/queryModel.js","statementMap":{"0":{"start":{"line":26,"column":0},"end":{"line":26,"column":15}},"1":{"start":{"line":1,"column":21},"end":{"line":1,"column":null}},"2":{"start":{"line":3,"column":20},"end":{"line":22,"column":null}},"3":{"start":{"line":24,"column":14},"end":{"line":24,"column":null}},"4":{"start":{"line":26,"column":15},"end":{"line":26,"column":null}}},"fnMap":{"0":{"name":"(anonymous_0)","decl":{"start":{"line":26,"column":0},"end":{"line":26,"column":15}},"loc":{"start":{"line":26,"column":0},"end":{"line":26,"column":15}}}},"branchMap":{},"s":{"0":0,"1":1,"2":1,"3":1,"4":1},"f":{"0":0},"b":{}}
,"/home/ykut/Documents/Andela/C28/MY_BRAND_Charles_BackEnd/src/models/userModel.js": {"path":"/home/ykut/Documents/Andela/C28/MY_BRAND_Charles_BackEnd/src/models/userModel.js","statementMap":{"0":{"start":{"line":56,"column":0},"end":{"line":56,"column":15}},"1":{"start":{"line":1,"column":21},"end":{"line":1,"column":null}},"2":{"start":{"line":3,"column":20},"end":{"line":6,"column":null}},"3":{"start":{"line":4,"column":11},"end":{"line":4,"column":null}},"4":{"start":{"line":5,"column":2},"end":{"line":5,"column":null}},"5":{"start":{"line":9,"column":19},"end":{"line":52,"column":null}},"6":{"start":{"line":54,"column":13},"end":{"line":54,"column":null}},"7":{"start":{"line":56,"column":15},"end":{"line":56,"column":null}}},"fnMap":{"0":{"name":"(anonymous_0)","decl":{"start":{"line":56,"column":0},"end":{"line":56,"column":15}},"loc":{"start":{"line":56,"column":0},"end":{"line":56,"column":15}}},"1":{"name":"(anonymous_2)","decl":{"start":{"line":3,"column":20},"end":{"line":3,"column":29}},"loc":{"start":{"line":3,"column":36},"end":{"line":6,"column":null}}}},"branchMap":{},"s":{"0":3,"1":1,"2":1,"3":1,"4":1,"5":1,"6":1,"7":1},"f":{"0":3,"1":1},"b":{}}
,"/home/ykut/Documents/Andela/C28/MY_BRAND_Charles_BackEnd/src/routes/allRoutes.js": {"path":"/home/ykut/Documents/Andela/C28/MY_BRAND_Charles_BackEnd/src/routes/allRoutes.js","statementMap":{"0":{"start":{"line":18,"column":0},"end":{"line":18,"column":15}},"1":{"start":{"line":1,"column":22},"end":{"line":1,"column":null}},"2":{"start":{"line":2,"column":23},"end":{"line":2,"column":null}},"3":{"start":{"line":3,"column":24},"end":{"line":3,"column":null}},"4":{"start":{"line":4,"column":25},"end":{"line":4,"column":null}},"5":{"start":{"line":5,"column":25},"end":{"line":5,"column":null}},"6":{"start":{"line":7,"column":20},"end":{"line":7,"column":null}},"7":{"start":{"line":8,"column":14},"end":{"line":8,"column":null}},"8":{"start":{"line":10,"column":0},"end":{"line":10,"column":null}},"9":{"start":{"line":11,"column":0},"end":{"line":11,"column":null}},"10":{"start":{"line":12,"column":0},"end":{"line":12,"column":null}},"11":{"start":{"line":13,"column":0},"end":{"line":13,"column":null}},"12":{"start":{"line":16,"column":0},"end":{"line":16,"column":null}},"13":{"start":{"line":18,"column":15},"end":{"line":18,"column":null}}},"fnMap":{"0":{"name":"(anonymous_0)","decl":{"start":{"line":18,"column":0},"end":{"line":18,"column":15}},"loc":{"start":{"line":18,"column":0},"end":{"line":18,"column":15}}}},"branchMap":{},"s":{"0":0,"1":1,"2":1,"3":1,"4":1,"5":1,"6":1,"7":1,"8":1,"9":1,"10":1,"11":1,"12":1,"13":1},"f":{"0":0},"b":{}}
,"/home/ykut/Documents/Andela/C28/MY_BRAND_Charles_BackEnd/src/routes/allRoutes2.js": {"path":"/home/ykut/Documents/Andela/C28/MY_BRAND_Charles_BackEnd/src/routes/allRoutes2.js","statementMap":{"0":{"start":{"line":17,"column":0},"end":{"line":17,"column":15}},"1":{"start":{"line":1,"column":22},"end":{"line":1,"column":null}},"2":{"start":{"line":2,"column":23},"end":{"line":2,"column":null}},"3":{"start":{"line":3,"column":24},"end":{"line":3,"column":null}},"4":{"start":{"line":4,"column":25},"end":{"line":4,"column":null}},"5":{"start":{"line":6,"column":20},"end":{"line":6,"column":null}},"6":{"start":{"line":7,"column":14},"end":{"line":7,"column":null}},"7":{"start":{"line":9,"column":0},"end":{"line":9,"column":null}},"8":{"start":{"line":10,"column":0},"end":{"line":10,"column":null}},"9":{"start":{"line":11,"column":0},"end":{"line":11,"column":null}},"10":{"start":{"line":12,"column":0},"end":{"line":12,"column":null}},"11":{"start":{"line":17,"column":15},"end":{"line":17,"column":null}}},"fnMap":{"0":{"name":"(anonymous_0)","decl":{"start":{"line":17,"column":0},"end":{"line":17,"column":15}},"loc":{"start":{"line":17,"column":0},"end":{"line":17,"column":15}}}},"branchMap":{},"s":{"0":1,"1":1,"2":1,"3":1,"4":1,"5":1,"6":1,"7":1,"8":1,"9":1,"10":1,"11":1},"f":{"0":1},"b":{}}
,"/home/ykut/Documents/Andela/C28/MY_BRAND_Charles_BackEnd/src/routes/routeCRUD.js": {"path":"/home/ykut/Documents/Andela/C28/MY_BRAND_Charles_BackEnd/src/routes/routeCRUD.js","statementMap":{"0":{"start":{"line":19,"column":0},"end":{"line":19,"column":15}},"1":{"start":{"line":1,"column":20},"end":{"line":1,"column":null}},"2":{"start":{"line":2,"column":21},"end":{"line":2,"column":null}},"3":{"start":{"line":3,"column":23},"end":{"line":3,"column":null}},"4":{"start":{"line":4,"column":20},"end":{"line":4,"column":null}},"5":{"start":{"line":9,"column":14},"end":{"line":9,"column":null}},"6":{"start":{"line":10,"column":0},"end":{"line":10,"column":null}},"7":{"start":{"line":11,"column":0},"end":{"line":11,"column":null}},"8":{"start":{"line":12,"column":0},"end":{"line":12,"column":null}},"9":{"start":{"line":13,"column":0},"end":{"line":13,"column":null}},"10":{"start":{"line":14,"column":0},"end":{"line":14,"column":null}},"11":{"start":{"line":15,"column":0},"end":{"line":15,"column":null}},"12":{"start":{"line":16,"column":0},"end":{"line":16,"column":null}},"13":{"start":{"line":19,"column":15},"end":{"line":19,"column":null}}},"fnMap":{"0":{"name":"(anonymous_0)","decl":{"start":{"line":19,"column":0},"end":{"line":19,"column":15}},"loc":{"start":{"line":19,"column":0},"end":{"line":19,"column":15}}}},"branchMap":{},"s":{"0":1,"1":1,"2":1,"3":1,"4":1,"5":1,"6":1,"7":1,"8":1,"9":1,"10":1,"11":1,"12":1,"13":1},"f":{"0":1},"b":{}}
,"/home/ykut/Documents/Andela/C28/MY_BRAND_Charles_BackEnd/src/routes/routeLogin.js": {"path":"/home/ykut/Documents/Andela/C28/MY_BRAND_Charles_BackEnd/src/routes/routeLogin.js","statementMap":{"0":{"start":{"line":6,"column":0},"end":{"line":6,"column":15}},"1":{"start":{"line":1,"column":20},"end":{"line":1,"column":null}},"2":{"start":{"line":2,"column":28},"end":{"line":2,"column":null}},"3":{"start":{"line":4,"column":14},"end":{"line":4,"column":null}},"4":{"start":{"line":5,"column":0},"end":{"line":5,"column":null}},"5":{"start":{"line":6,"column":15},"end":{"line":6,"column":null}}},"fnMap":{"0":{"name":"(anonymous_0)","decl":{"start":{"line":6,"column":0},"end":{"line":6,"column":15}},"loc":{"start":{"line":6,"column":0},"end":{"line":6,"column":15}}}},"branchMap":{},"s":{"0":2,"1":1,"2":1,"3":1,"4":1,"5":1},"f":{"0":2},"b":{}}
,"/home/ykut/Documents/Andela/C28/MY_BRAND_Charles_BackEnd/src/routes/routeQueries.js": {"path":"/home/ykut/Documents/Andela/C28/MY_BRAND_Charles_BackEnd/src/routes/routeQueries.js","statementMap":{"0":{"start":{"line":9,"column":0},"end":{"line":9,"column":15}},"1":{"start":{"line":1,"column":20},"end":{"line":1,"column":null}},"2":{"start":{"line":2,"column":20},"end":{"line":2,"column":null}},"3":{"start":{"line":3,"column":23},"end":{"line":3,"column":null}},"4":{"start":{"line":4,"column":14},"end":{"line":4,"column":null}},"5":{"start":{"line":5,"column":0},"end":{"line":5,"column":null}},"6":{"start":{"line":6,"column":0},"end":{"line":6,"column":null}},"7":{"start":{"line":9,"column":15},"end":{"line":9,"column":null}}},"fnMap":{"0":{"name":"(anonymous_0)","decl":{"start":{"line":9,"column":0},"end":{"line":9,"column":15}},"loc":{"start":{"line":9,"column":0},"end":{"line":9,"column":15}}}},"branchMap":{},"s":{"0":2,"1":1,"2":1,"3":1,"4":1,"5":1,"6":1,"7":1},"f":{"0":2},"b":{}}
,"/home/ykut/Documents/Andela/C28/MY_BRAND_Charles_BackEnd/src/routes/routeSignup.js": {"path":"/home/ykut/Documents/Andela/C28/MY_BRAND_Charles_BackEnd/src/routes/routeSignup.js","statementMap":{"0":{"start":{"line":16,"column":0},"end":{"line":16,"column":15}},"1":{"start":{"line":1,"column":20},"end":{"line":1,"column":null}},"2":{"start":{"line":2,"column":23},"end":{"line":2,"column":null}},"3":{"start":{"line":3,"column":23},"end":{"line":3,"column":null}},"4":{"start":{"line":11,"column":14},"end":{"line":11,"column":null}},"5":{"start":{"line":12,"column":0},"end":{"line":12,"column":null}},"6":{"start":{"line":13,"column":0},"end":{"line":13,"column":null}},"7":{"start":{"line":16,"column":15},"end":{"line":16,"column":null}}},"fnMap":{"0":{"name":"(anonymous_0)","decl":{"start":{"line":16,"column":0},"end":{"line":16,"column":15}},"loc":{"start":{"line":16,"column":0},"end":{"line":16,"column":15}}}},"branchMap":{},"s":{"0":2,"1":1,"2":1,"3":1,"4":1,"5":1,"6":1,"7":1},"f":{"0":2},"b":{}}
,"/home/ykut/Documents/Andela/C28/MY_BRAND_Charles_BackEnd/src/routes/routesCRUD2.js": {"path":"/home/ykut/Documents/Andela/C28/MY_BRAND_Charles_BackEnd/src/routes/routesCRUD2.js","statementMap":{"0":{"start":{"line":19,"column":0},"end":{"line":19,"column":15}},"1":{"start":{"line":1,"column":20},"end":{"line":1,"column":null}},"2":{"start":{"line":2,"column":21},"end":{"line":2,"column":null}},"3":{"start":{"line":3,"column":23},"end":{"line":3,"column":null}},"4":{"start":{"line":4,"column":20},"end":{"line":4,"column":null}},"5":{"start":{"line":9,"column":14},"end":{"line":9,"column":null}},"6":{"start":{"line":10,"column":0},"end":{"line":10,"column":null}},"7":{"start":{"line":11,"column":0},"end":{"line":11,"column":null}},"8":{"start":{"line":12,"column":0},"end":{"line":12,"column":null}},"9":{"start":{"line":13,"column":0},"end":{"line":13,"column":null}},"10":{"start":{"line":14,"column":0},"end":{"line":14,"column":null}},"11":{"start":{"line":15,"column":0},"end":{"line":15,"column":null}},"12":{"start":{"line":16,"column":0},"end":{"line":16,"column":null}},"13":{"start":{"line":19,"column":15},"end":{"line":19,"column":null}}},"fnMap":{"0":{"name":"(anonymous_0)","decl":{"start":{"line":19,"column":0},"end":{"line":19,"column":15}},"loc":{"start":{"line":19,"column":0},"end":{"line":19,"column":15}}}},"branchMap":{},"s":{"0":1,"1":1,"2":1,"3":1,"4":1,"5":1,"6":1,"7":1,"8":1,"9":1,"10":1,"11":1,"12":1,"13":1},"f":{"0":1},"b":{}}
,"/home/ykut/Documents/Andela/C28/MY_BRAND_Charles_BackEnd/src/routes/swaggerRoute.js": {"path":"/home/ykut/Documents/Andela/C28/MY_BRAND_Charles_BackEnd/src/routes/swaggerRoute.js","statementMap":{"0":{"start":{"line":10,"column":0},"end":{"line":10,"column":15}},"1":{"start":{"line":1,"column":20},"end":{"line":1,"column":null}},"2":{"start":{"line":2,"column":22},"end":{"line":2,"column":null}},"3":{"start":{"line":3,"column":22},"end":{"line":3,"column":null}},"4":{"start":{"line":4,"column":25},"end":{"line":4,"column":null}},"5":{"start":{"line":6,"column":15},"end":{"line":6,"column":null}},"6":{"start":{"line":8,"column":0},"end":{"line":8,"column":null}},"7":{"start":{"line":10,"column":15},"end":{"line":10,"column":null}}},"fnMap":{"0":{"name":"(anonymous_0)","decl":{"start":{"line":10,"column":0},"end":{"line":10,"column":15}},"loc":{"start":{"line":10,"column":0},"end":{"line":10,"column":15}}}},"branchMap":{},"s":{"0":1,"1":1,"2":1,"3":1,"4":1,"5":1,"6":1,"7":1},"f":{"0":1},"b":{}}
,"/home/ykut/Documents/Andela/C28/MY_BRAND_Charles_BackEnd/src/utils/allErr_Success.js": {"path":"/home/ykut/Documents/Andela/C28/MY_BRAND_Charles_BackEnd/src/utils/allErr_Success.js","statementMap":{"0":{"start":{"line":61,"column":2},"end":{"line":61,"column":17}},"1":{"start":{"line":3,"column":4},"end":{"line":5,"column":null}},"2":{"start":{"line":8,"column":4},"end":{"line":10,"column":null}},"3":{"start":{"line":13,"column":4},"end":{"line":16,"column":null}},"4":{"start":{"line":19,"column":4},"end":{"line":22,"column":null}},"5":{"start":{"line":25,"column":4},"end":{"line":34,"column":null}},"6":{"start":{"line":37,"column":4},"end":{"line":43,"column":null}},"7":{"start":{"line":46,"column":3},"end":{"line":56,"column":4}},"8":{"start":{"line":47,"column":6},"end":{"line":50,"column":null}},"9":{"start":{"line":53,"column":4},"end":{"line":55,"column":null}},"10":{"start":{"line":61,"column":17},"end":{"line":61,"column":null}}},"fnMap":{"0":{"name":"(anonymous_0)","decl":{"start":{"line":61,"column":2},"end":{"line":61,"column":17}},"loc":{"start":{"line":61,"column":2},"end":{"line":61,"column":17}}},"1":{"name":"(anonymous_1)","decl":{"start":{"line":2,"column":2},"end":{"line":2,"column":15}},"loc":{"start":{"line":2,"column":45},"end":{"line":6,"column":null}}},"2":{"name":"(anonymous_2)","decl":{"start":{"line":7,"column":2},"end":{"line":7,"column":15}},"loc":{"start":{"line":7,"column":42},"end":{"line":11,"column":null}}},"3":{"name":"(anonymous_3)","decl":{"start":{"line":12,"column":2},"end":{"line":12,"column":15}},"loc":{"start":{"line":12,"column":49},"end":{"line":17,"column":null}}},"4":{"name":"(anonymous_4)","decl":{"start":{"line":18,"column":2},"end":{"line":18,"column":15}},"loc":{"start":{"line":18,"column":29},"end":{"line":23,"column":null}}},"5":{"name":"(anonymous_5)","decl":{"start":{"line":24,"column":2},"end":{"line":24,"column":15}},"loc":{"start":{"line":24,"column":45},"end":{"line":35,"column":null}}},"6":{"name":"(anonymous_6)","decl":{"start":{"line":36,"column":2},"end":{"line":36,"column":15}},"loc":{"start":{"line":36,"column":39},"end":{"line":44,"column":null}}},"7":{"name":"(anonymous_7)","decl":{"start":{"line":45,"column":2},"end":{"line":45,"column":15}},"loc":{"start":{"line":45,"column":36},"end":{"line":57,"column":null}}}},"branchMap":{"0":{"loc":{"start":{"line":46,"column":3},"end":{"line":56,"column":4}},"type":"if","locations":[{"start":{"line":46,"column":3},"end":{"line":56,"column":4}},{"start":{"line":52,"column":7},"end":{"line":56,"column":4}}]}},"s":{"0":6,"1":1,"2":0,"3":3,"4":0,"5":1,"6":1,"7":0,"8":0,"9":0,"10":1},"f":{"0":6,"1":1,"2":0,"3":3,"4":0,"5":1,"6":1,"7":0},"b":{"0":[0,0]}}
,"/home/ykut/Documents/Andela/C28/MY_BRAND_Charles_BackEnd/src/utils/cookies.js": {"path":"/home/ykut/Documents/Andela/C28/MY_BRAND_Charles_BackEnd/src/utils/cookies.js","statementMap":{"0":{"start":{"line":9,"column":0},"end":{"line":9,"column":15}},"1":{"start":{"line":1,"column":18},"end":{"line":7,"column":null}},"2":{"start":{"line":4,"column":17},"end":{"line":4,"column":85}},"3":{"start":{"line":5,"column":4},"end":{"line":5,"column":null}},"4":{"start":{"line":9,"column":15},"end":{"line":9,"column":null}}},"fnMap":{"0":{"name":"(anonymous_0)","decl":{"start":{"line":9,"column":0},"end":{"line":9,"column":15}},"loc":{"start":{"line":9,"column":0},"end":{"line":9,"column":15}}},"1":{"name":"(anonymous_1)","decl":{"start":{"line":1,"column":18},"end":{"line":1,"column":19}},"loc":{"start":{"line":1,"column":27},"end":{"line":7,"column":null}}}},"branchMap":{"0":{"loc":{"start":{"line":4,"column":17},"end":{"line":4,"column":85}},"type":"cond-expr","locations":[{"start":{"line":4,"column":42},"end":{"line":4,"column":78}},{"start":{"line":4,"column":81},"end":{"line":4,"column":85}}]}},"s":{"0":0,"1":1,"2":0,"3":0,"4":1},"f":{"0":0,"1":0},"b":{"0":[0,0]}}
}
